<?xml version="1.0" encoding="UTF-8"?>
<!-- Generated by org.testng.reporters.JUnitXMLReporter -->
<testsuite hostname="SONY-VAIO" name="Default test" tests="4" failures="0" timestamp="31 Mar 2014 02:09:14 GMT" time="0.618" errors="0">
  <testcase name="fromJson" time="0.568" classname="org.kits.trax.util.JsonUtilTest"/>
  <testcase name="fromJsonArray" time="0.003" classname="org.kits.trax.util.JsonUtilTest"/>
  <testcase name="toJson" time="0.002" classname="org.kits.trax.util.JsonUtilTest"/>
  <testcase name="toJsonArray" time="0.002" classname="org.kits.trax.util.JsonUtilTest"/>
</testsuite> <!-- Default test -->
